<?xml version="1.0" encoding="UTF-8"?>
<!-- Generated by org.testng.reporters.JUnitReportReporter -->
<testsuite hostname="BLR-6YTT473" failures="0" tests="1" name="DownloadImagesFirefox" time="76.603" errors="0" timestamp="2023-06-07T12:13:14 IST" skipped="0">
  <testcase classname="DownloadImagesFirefox" name="captureScreenshots" time="76.603"/>
  <system-out/>
</testsuite> <!-- DownloadImagesFirefox -->
